<?xml version="1.0" encoding="UTF-8"?>
<testsuite xmlns:xsi="http://www.w3.org/2001/XMLSchema-instance" xsi:noNamespaceSchemaLocation="https://maven.apache.org/surefire/maven-surefire-plugin/xsd/surefire-test-report-3.0.xsd" version="3.0" name="com.example.AppTest" time="27.213" tests="1" errors="1" skipped="0" failures="0">
  <properties>
[...]
</properties>
  <testcase name="testePesquisa" classname="com.example.AppTest" time="27.12">
    <error type="java.lang.ClassCastException"><![CDATA[java.lang.ClassCastException: java.lang.String cannot be cast to [Ljava.lang.String;
	at com.example.AppTest.testePesquisa(AppTest.java:47)
]]></error>
    <system-err><![CDATA[SLF4J: Failed to load class "org.slf4j.impl.StaticLoggerBinder".
SLF4J: Defaulting to no-operation (NOP) logger implementation
SLF4J: See http://www.slf4j.org/codes.html#StaticLoggerBinder for further details.
Starting ChromeDriver 104.0.5112.79 (3cf3e8c8a07d104b9e1260c910efb8f383285dc5-refs/branch-heads/5112@{#1307}) on port 40574
Only local connections are allowed.
Please see https://chromedriver.chromium.org/security-considerations for suggestions on keeping ChromeDriver safe.
ChromeDriver was started successfully.
ago 07, 2022 4:05:07 PM org.openqa.selenium.remote.ProtocolHandshake createSession
INFORMAÇÕES: Detected upstream dialect: W3C
ago 07, 2022 4:05:08 PM org.openqa.selenium.devtools.CdpVersionFinder findNearestMatch
ADVERTÊNCIA: Unable to find an exact match for CDP version 104, so returning the closest version found: 103
ago 07, 2022 4:05:08 PM org.openqa.selenium.devtools.CdpVersionFinder findNearestMatch
INFORMAÇÕES: Found CDP implementation for version 104 of 103
]]></system-err>
  </testcase>
</testsuite>